<?xml version="1.0" encoding="UTF-8"?>
<testsuite name="CrawlerTest" tests="1" skipped="0" failures="0" errors="0" timestamp="2020-10-07T15:55:07" hostname="LAPTOP-ROJRQRDO" time="5.478">
  <properties/>
  <testcase name="start" classname="CrawlerTest" time="5.478"/>
  <system-out><![CDATA[?[1;31m
Start test 1?[0m
?[1;31m
Start test 2?[0m
?[1;31m
Start test 3?[0m
?[1;31m
Start test 4?[0m
?[1;31m
Start test 5?[0m
?[1;31m
Start test 6?[0m
?[1;31m
Start test 7?[0m
?[1;31m
Start test 8?[0m
?[1;31m
Start test 9?[0m
?[1;31m
Start test 10?[0m
?[1;31m
Start test 11?[0m
http://localhost:25555/exampleDotCom
<!doctype html>
<html>
<head>
    <title>Example Domain</title>

    <meta charset="utf-8" />
    <meta http-equiv="Content-type" content="text/html; charset=utf-8" />
    <meta name="viewport" content="width=device-width, initial-scale=1" />
    <style type="text/css">
    body {
        background-color: #f0f0f2;
        margin: 0;
        padding: 0;
        font-family: "Open Sans", "Helvetica Neue", Helvetica, Arial, sans-serif;

    }
    div {
        width: 600px;
        margin: 5em auto;
        padding: 50px;
        background-color: #fff;
        border-radius: 1em;
    }
    a:link, a:visited {
        color: #38488f;
        text-decoration: none;
    }
    @media (max-width: 700px) {
        body {
            background-color: #fff;
        }
        div {
            width: auto;
            margin: 0 auto;
            border-radius: 0;
            padding: 1em;
        }
    }
    </style>
</head>

<body>
<div>
    <h1>Example of Example Domain</h1>
    <p>This domain is established to be used for illustrative examples in documents. You may use this
    domain in examples without prior coordination or asking for permission.</p>
    <p><a href="unavailablePage">More information...</a></p>
</div>
</body>
</html>
http://localhost:25555/circular1
<!doctype html>
<html>
<head>
<title>circular1tiTle</title>
</head>
<body>
<a href="circular2">link1</a>
</body>
</html>
http://localhost:25555/circular2
<!doctype html>
<html>
<head>
<title>circular2tiTle</title>
</head>
<body>
<a href="circular3">link1</a>
</body>
</html>
http://localhost:25555/circular3
<!doctype html>
<html>
<head>
<title>circular3tiTle</title>
</head>
<body>
<a href="circular1">link</a>
<a href="exampleDotCom">link</a>
</body>
</html>
?[1;31m
Start test 12?[0m
http://localhost:25555/exampleDotCom
<!doctype html>
<html>
<head>
    <title>Example Domain</title>

    <meta charset="utf-8" />
    <meta http-equiv="Content-type" content="text/html; charset=utf-8" />
    <meta name="viewport" content="width=device-width, initial-scale=1" />
    <style type="text/css">
    body {
        background-color: #f0f0f2;
        margin: 0;
        padding: 0;
        font-family: "Open Sans", "Helvetica Neue", Helvetica, Arial, sans-serif;

    }
    div {
        width: 600px;
        margin: 5em auto;
        padding: 50px;
        background-color: #fff;
        border-radius: 1em;
    }
    a:link, a:visited {
        color: #38488f;
        text-decoration: none;
    }
    @media (max-width: 700px) {
        body {
            background-color: #fff;
        }
        div {
            width: auto;
            margin: 0 auto;
            border-radius: 0;
            padding: 1em;
        }
    }
    </style>
</head>

<body>
<div>
    <h1>Example of Example Domain</h1>
    <p>This domain is established to be used for illustrative examples in documents. You may use this
    domain in examples without prior coordination or asking for permission.</p>
    <p><a href="unavailablePage">More information...</a></p>
</div>
</body>
</html>
http://localhost:25555/circular1
<!doctype html>
<html>
<head>
<title>circular1tiTle</title>
</head>
<body>
<a href="circular2">link1</a>
</body>
</html>
http://localhost:25555/circular2
<!doctype html>
<html>
<head>
<title>circular2tiTle</title>
</head>
<body>
<a href="circular3">link1</a>
</body>
</html>
http://localhost:25555/circular3
<!doctype html>
<html>
<head>
<title>circular3tiTle</title>
</head>
<body>
<a href="circular1">link</a>
<a href="exampleDotCom">link</a>
</body>
</html>
]]></system-out>
  <system-err><![CDATA[]]></system-err>
</testsuite>
